<?xml version="1.0" encoding="UTF-8"?>
<testng-results skipped="0" failed="0" ignored="0" total="1" passed="1">
  <reporter-output>
  </reporter-output>
  <suite name="Default suite" duration-ms="955" started-at="2019-06-04T07:13:39Z" finished-at="2019-06-04T07:13:40Z">
    <groups>
    </groups>
    <test name="Default test" duration-ms="955" started-at="2019-06-04T07:13:39Z" finished-at="2019-06-04T07:13:40Z">
      <class name="com.testing.ExtentReportDemo">
        <test-method status="PASS" signature="loginTest()[pri:0, instance:com.testing.ExtentReportDemo@3532ec19]" name="loginTest" duration-ms="907" started-at="2019-06-04T07:13:39Z" finished-at="2019-06-04T07:13:40Z">
          <reporter-output>
          </reporter-output>
        </test-method> <!-- loginTest -->
      </class> <!-- com.testing.ExtentReportDemo -->
    </test> <!-- Default test -->
  </suite> <!-- Default suite -->
</testng-results>
